<?xml version="1.0" encoding="UTF-8"?>
<testsuite xmlns:xsi="http://www.w3.org/2001/XMLSchema-instance" xsi:noNamespaceSchemaLocation="https://maven.apache.org/surefire/maven-surefire-plugin/xsd/surefire-test-report-3.0.xsd" version="3.0" name="org.acme.GreetingResourceTest" time="2.34" tests="1" errors="0" skipped="0" failures="0">
  <properties>
[...]
</properties>
  <testcase name="testHelloEndpoint" classname="org.acme.GreetingResourceTest" time="0.765">
    <system-out><![CDATA[2021-02-01 21:40:40,626 INFO  [io.quarkus] (main) Quarkus 1.11.1.Final on JVM started in 1.275s. Listening on: http://localhost:8081
2021-02-01 21:40:40,627 INFO  [io.quarkus] (main) Profile test activated. 
2021-02-01 21:40:40,628 INFO  [io.quarkus] (main) Installed features: [cdi, hibernate-validator, resteasy]
]]></system-out>
  </testcase>
</testsuite>